<?xml version='1.0' encoding='UTF-8'?>
<testsuite hostname="mvelek-win" name="ExampleSpec" tests="2" errors="0" failures="0" time="0.023">
                <properties>
[...]
</properties>
                <testcase classname="ExampleSpec" name="A Stack should pop values in last-in-first-out order" time="0.022"> 
                    </testcase><testcase classname="ExampleSpec" name="A Stack should throw NoSuchElementException if an empty stack is popped" time="0.001"> 
                    </testcase>
                <system-out></system-out>
                <system-err></system-err>
                </testsuite>